00:00:00.520738 VirtualBox GUI VM Selector Window 6.1.26 r145957 linux.amd64 (Jul 29 2021 12:15:28) release log
00:00:00.520740 Log opened 2021-09-27T20:43:59.284547000Z
00:00:00.520740 Build Type: release
00:00:00.520743 OS Product: Linux
00:00:00.520744 OS Release: 5.13.19-2-MANJARO
00:00:00.520746 OS Version: #1 SMP PREEMPT Sun Sep 19 21:31:53 UTC 2021
00:00:00.520766 DMI Product Name: 80K6
00:00:00.520775 DMI Product Version: Lenovo Z51-70
00:00:00.520779 Firmware type: UEFI
00:00:00.521429 Secure Boot: Disabled
00:00:00.521478 Host RAM: 7867MB (7.6GB) total, 6700MB (6.5GB) available
00:00:00.521482 Executable: /usr/lib/virtualbox/VirtualBox
00:00:00.521482 Process ID: 4883
00:00:00.521483 Package type: LINUX_64BITS_GENERIC (OSE)
00:00:00.521517 Qt version: 5.15.2
00:00:00.546503 GUI: UIMediumEnumerator: Medium-enumeration started...
00:00:01.210552 GUI: UIDesktopWidgetWatchdog::sltHandleHostScreenAvailableGeometryCalculated: Screen 0 work area is actually resized to: 625x509 x 75x50
00:00:01.260128 GUI: UIMediumEnumerator: Medium-enumeration finished!
00:00:05.017606 GUI: UIInvisibleWindow::sltFallback: Move event haven't came. Screen: 1, work area: 637x511 x 75x50
00:00:05.017639 GUI: UIDesktopWidgetWatchdog::sltHandleHostScreenAvailableGeometryCalculated: Screen 1 work area is actually resized to: 637x511 x 75x50
